0000              1   ;--------------------------------------------------------
0000              2   ; File Created by C51
0000              3   ; Version 1.0.0 #1170 (Feb 16 2022) (MSVC)
0000              4   ; This file was generated Wed Mar 06 13:09:28 2024
0000              5   ;--------------------------------------------------------
                  5   $name lab5_1
                  6   $optc51 --model-small
                  7   $printf_float
0000              9            R_DSEG    segment data
0000             10            R_CSEG    segment code
0000             11            R_BSEG    segment bit
0000             12            R_XSEG    segment xdata
0000             13            R_PSEG    segment xdata
0000             14            R_ISEG    segment idata
0000             15            R_OSEG    segment data overlay
0000             16            BIT_BANK  segment data overlay
0000             17            R_HOME    segment code
0000             18            R_GSINIT  segment code
0000             19            R_IXSEG   segment xdata
0000             20            R_CONST   segment code
0000             21            R_XINIT   segment code
0000             22            R_DINIT   segment code
0000             23   
0000             24   ;--------------------------------------------------------
0000             25   ; Public variables in this module
0000             26   ;--------------------------------------------------------
0000             27            public _InitPinADC_PARM_2
0000             28            public _main
0000             29            public _Volts_at_Pin
0000             30            public _Get_ADC
0000             31            public _ADC_at_Pin
0000             32            public _InitPinADC
0000             33            public _waitms
0000             34            public _TIMER0_Init
0000             35            public _Timer3us
0000             36            public _InitADC
0000             37            public __c51_external_startup
0000             38   ;--------------------------------------------------------
0000             39   ; Special Function Registers
0000             40   ;--------------------------------------------------------
0000             41   _ACC            DATA 0xe0
0000             42   _ADC0ASAH       DATA 0xb6
0000             43   _ADC0ASAL       DATA 0xb5
0000             44   _ADC0ASCF       DATA 0xa1
0000             45   _ADC0ASCT       DATA 0xc7
0000             46   _ADC0CF0        DATA 0xbc
0000             47   _ADC0CF1        DATA 0xb9
0000             48   _ADC0CF2        DATA 0xdf
0000             49   _ADC0CN0        DATA 0xe8
0000             50   _ADC0CN1        DATA 0xb2
0000             51   _ADC0CN2        DATA 0xb3
0000             52   _ADC0GTH        DATA 0xc4
0000             53   _ADC0GTL        DATA 0xc3
0000             54   _ADC0H          DATA 0xbe
0000             55   _ADC0L          DATA 0xbd
0000             56   _ADC0LTH        DATA 0xc6
0000             57   _ADC0LTL        DATA 0xc5
0000             58   _ADC0MX         DATA 0xbb
0000             59   _B              DATA 0xf0
0000             60   _CKCON0         DATA 0x8e
0000             61   _CKCON1         DATA 0xa6
0000             62   _CLEN0          DATA 0xc6
0000             63   _CLIE0          DATA 0xc7
0000             64   _CLIF0          DATA 0xe8
0000             65   _CLKSEL         DATA 0xa9
0000             66   _CLOUT0         DATA 0xd1
0000             67   _CLU0CF         DATA 0xb1
0000             68   _CLU0FN         DATA 0xaf
0000             69   _CLU0MX         DATA 0x84
0000             70   _CLU1CF         DATA 0xb3
0000             71   _CLU1FN         DATA 0xb2
0000             72   _CLU1MX         DATA 0x85
0000             73   _CLU2CF         DATA 0xb6
0000             74   _CLU2FN         DATA 0xb5
0000             75   _CLU2MX         DATA 0x91
0000             76   _CLU3CF         DATA 0xbf
0000             77   _CLU3FN         DATA 0xbe
0000             78   _CLU3MX         DATA 0xae
0000             79   _CMP0CN0        DATA 0x9b
0000             80   _CMP0CN1        DATA 0x99
0000             81   _CMP0MD         DATA 0x9d
0000             82   _CMP0MX         DATA 0x9f
0000             83   _CMP1CN0        DATA 0xbf
0000             84   _CMP1CN1        DATA 0xac
0000             85   _CMP1MD         DATA 0xab
0000             86   _CMP1MX         DATA 0xaa
0000             87   _CRC0CN0        DATA 0xce
0000             88   _CRC0CN1        DATA 0x86
0000             89   _CRC0CNT        DATA 0xd3
0000             90   _CRC0DAT        DATA 0xcb
0000             91   _CRC0FLIP       DATA 0xcf
0000             92   _CRC0IN         DATA 0xca
0000             93   _CRC0ST         DATA 0xd2
0000             94   _DAC0CF0        DATA 0x91
0000             95   _DAC0CF1        DATA 0x92
0000             96   _DAC0H          DATA 0x85
0000             97   _DAC0L          DATA 0x84
0000             98   _DAC1CF0        DATA 0x93
0000             99   _DAC1CF1        DATA 0x94
0000            100   _DAC1H          DATA 0x8a
0000            101   _DAC1L          DATA 0x89
0000            102   _DAC2CF0        DATA 0x95
0000            103   _DAC2CF1        DATA 0x96
0000            104   _DAC2H          DATA 0x8c
0000            105   _DAC2L          DATA 0x8b
0000            106   _DAC3CF0        DATA 0x9a
0000            107   _DAC3CF1        DATA 0x9c
0000            108   _DAC3H          DATA 0x8e
0000            109   _DAC3L          DATA 0x8d
0000            110   _DACGCF0        DATA 0x88
0000            111   _DACGCF1        DATA 0x98
0000            112   _DACGCF2        DATA 0xa2
0000            113   _DERIVID        DATA 0xad
0000            114   _DEVICEID       DATA 0xb5
0000            115   _DPH            DATA 0x83
0000            116   _DPL            DATA 0x82
0000            117   _EIE1           DATA 0xe6
0000            118   _EIE2           DATA 0xf3
0000            119   _EIP1           DATA 0xbb
0000            120   _EIP1H          DATA 0xee
0000            121   _EIP2           DATA 0xed
0000            122   _EIP2H          DATA 0xf6
0000            123   _EMI0CN         DATA 0xe7
0000            124   _FLKEY          DATA 0xb7
0000            125   _HFO0CAL        DATA 0xc7
0000            126   _HFO1CAL        DATA 0xd6
0000            127   _HFOCN          DATA 0xef
0000            128   _I2C0ADM        DATA 0xff
0000            129   _I2C0CN0        DATA 0xba
0000            130   _I2C0DIN        DATA 0xbc
0000            131   _I2C0DOUT       DATA 0xbb
0000            132   _I2C0FCN0       DATA 0xad
0000            133   _I2C0FCN1       DATA 0xab
0000            134   _I2C0FCT        DATA 0xf5
0000            135   _I2C0SLAD       DATA 0xbd
0000            136   _I2C0STAT       DATA 0xb9
0000            137   _IE             DATA 0xa8
0000            138   _IP             DATA 0xb8
0000            139   _IPH            DATA 0xf2
0000            140   _IT01CF         DATA 0xe4
0000            141   _LFO0CN         DATA 0xb1
0000            142   _P0             DATA 0x80
0000            143   _P0MASK         DATA 0xfe
0000            144   _P0MAT          DATA 0xfd
0000            145   _P0MDIN         DATA 0xf1
0000            146   _P0MDOUT        DATA 0xa4
0000            147   _P0SKIP         DATA 0xd4
0000            148   _P1             DATA 0x90
0000            149   _P1MASK         DATA 0xee
0000            150   _P1MAT          DATA 0xed
0000            151   _P1MDIN         DATA 0xf2
0000            152   _P1MDOUT        DATA 0xa5
0000            153   _P1SKIP         DATA 0xd5
0000            154   _P2             DATA 0xa0
0000            155   _P2MASK         DATA 0xfc
0000            156   _P2MAT          DATA 0xfb
0000            157   _P2MDIN         DATA 0xf3
0000            158   _P2MDOUT        DATA 0xa6
0000            159   _P2SKIP         DATA 0xcc
0000            160   _P3             DATA 0xb0
0000            161   _P3MDIN         DATA 0xf4
0000            162   _P3MDOUT        DATA 0x9c
0000            163   _PCA0CENT       DATA 0x9e
0000            164   _PCA0CLR        DATA 0x9c
0000            165   _PCA0CN0        DATA 0xd8
0000            166   _PCA0CPH0       DATA 0xfc
0000            167   _PCA0CPH1       DATA 0xea
0000            168   _PCA0CPH2       DATA 0xec
0000            169   _PCA0CPH3       DATA 0xf5
0000            170   _PCA0CPH4       DATA 0x85
0000            171   _PCA0CPH5       DATA 0xde
0000            172   _PCA0CPL0       DATA 0xfb
0000            173   _PCA0CPL1       DATA 0xe9
0000            174   _PCA0CPL2       DATA 0xeb
0000            175   _PCA0CPL3       DATA 0xf4
0000            176   _PCA0CPL4       DATA 0x84
0000            177   _PCA0CPL5       DATA 0xdd
0000            178   _PCA0CPM0       DATA 0xda
0000            179   _PCA0CPM1       DATA 0xdb
0000            180   _PCA0CPM2       DATA 0xdc
0000            181   _PCA0CPM3       DATA 0xae
0000            182   _PCA0CPM4       DATA 0xaf
0000            183   _PCA0CPM5       DATA 0xcc
0000            184   _PCA0H          DATA 0xfa
0000            185   _PCA0L          DATA 0xf9
0000            186   _PCA0MD         DATA 0xd9
0000            187   _PCA0POL        DATA 0x96
0000            188   _PCA0PWM        DATA 0xf7
0000            189   _PCON0          DATA 0x87
0000            190   _PCON1          DATA 0xcd
0000            191   _PFE0CN         DATA 0xc1
0000            192   _PRTDRV         DATA 0xf6
0000            193   _PSCTL          DATA 0x8f
0000            194   _PSTAT0         DATA 0xaa
0000            195   _PSW            DATA 0xd0
0000            196   _REF0CN         DATA 0xd1
0000            197   _REG0CN         DATA 0xc9
0000            198   _REVID          DATA 0xb6
0000            199   _RSTSRC         DATA 0xef
0000            200   _SBCON1         DATA 0x94
0000            201   _SBRLH1         DATA 0x96
0000            202   _SBRLL1         DATA 0x95
0000            203   _SBUF           DATA 0x99
0000            204   _SBUF0          DATA 0x99
0000            205   _SBUF1          DATA 0x92
0000            206   _SCON           DATA 0x98
0000            207   _SCON0          DATA 0x98
0000            208   _SCON1          DATA 0xc8
0000            209   _SFRPAGE        DATA 0xa7
0000            210   _SFRPGCN        DATA 0xbc
0000            211   _SFRSTACK       DATA 0xd7
0000            212   _SMB0ADM        DATA 0xd6
0000            213   _SMB0ADR        DATA 0xd7
0000            214   _SMB0CF         DATA 0xc1
0000            215   _SMB0CN0        DATA 0xc0
0000            216   _SMB0DAT        DATA 0xc2
0000            217   _SMB0FCN0       DATA 0xc3
0000            218   _SMB0FCN1       DATA 0xc4
0000            219   _SMB0FCT        DATA 0xef
0000            220   _SMB0RXLN       DATA 0xc5
0000            221   _SMB0TC         DATA 0xac
0000            222   _SMOD1          DATA 0x93
0000            223   _SP             DATA 0x81
0000            224   _SPI0CFG        DATA 0xa1
0000            225   _SPI0CKR        DATA 0xa2
0000            226   _SPI0CN0        DATA 0xf8
0000            227   _SPI0DAT        DATA 0xa3
0000            228   _SPI0FCN0       DATA 0x9a
0000            229   _SPI0FCN1       DATA 0x9b
0000            230   _SPI0FCT        DATA 0xf7
0000            231   _SPI0PCF        DATA 0xdf
0000            232   _TCON           DATA 0x88
0000            233   _TH0            DATA 0x8c
0000            234   _TH1            DATA 0x8d
0000            235   _TL0            DATA 0x8a
0000            236   _TL1            DATA 0x8b
0000            237   _TMOD           DATA 0x89
0000            238   _TMR2CN0        DATA 0xc8
0000            239   _TMR2CN1        DATA 0xfd
0000            240   _TMR2H          DATA 0xcf
0000            241   _TMR2L          DATA 0xce
0000            242   _TMR2RLH        DATA 0xcb
0000            243   _TMR2RLL        DATA 0xca
0000            244   _TMR3CN0        DATA 0x91
0000            245   _TMR3CN1        DATA 0xfe
0000            246   _TMR3H          DATA 0x95
0000            247   _TMR3L          DATA 0x94
0000            248   _TMR3RLH        DATA 0x93
0000            249   _TMR3RLL        DATA 0x92
0000            250   _TMR4CN0        DATA 0x98
0000            251   _TMR4CN1        DATA 0xff
0000            252   _TMR4H          DATA 0xa5
0000            253   _TMR4L          DATA 0xa4
0000            254   _TMR4RLH        DATA 0xa3
0000            255   _TMR4RLL        DATA 0xa2
0000            256   _TMR5CN0        DATA 0xc0
0000            257   _TMR5CN1        DATA 0xf1
0000            258   _TMR5H          DATA 0xd5
0000            259   _TMR5L          DATA 0xd4
0000            260   _TMR5RLH        DATA 0xd3
0000            261   _TMR5RLL        DATA 0xd2
0000            262   _UART0PCF       DATA 0xd9
0000            263   _UART1FCN0      DATA 0x9d
0000            264   _UART1FCN1      DATA 0xd8
0000            265   _UART1FCT       DATA 0xfa
0000            266   _UART1LIN       DATA 0x9e
0000            267   _UART1PCF       DATA 0xda
0000            268   _VDM0CN         DATA 0xff
0000            269   _WDTCN          DATA 0x97
0000            270   _XBR0           DATA 0xe1
0000            271   _XBR1           DATA 0xe2
0000            272   _XBR2           DATA 0xe3
0000            273   _XOSC0CN        DATA 0x86
0000            274   _DPTR           DATA 0x8382
0000            275   _TMR2RL         DATA 0xcbca
0000            276   _TMR3RL         DATA 0x9392
0000            277   _TMR4RL         DATA 0xa3a2
0000            278   _TMR5RL         DATA 0xd3d2
0000            279   _TMR0           DATA 0x8c8a
0000            280   _TMR1           DATA 0x8d8b
0000            281   _TMR2           DATA 0xcfce
0000            282   _TMR3           DATA 0x9594
0000            283   _TMR4           DATA 0xa5a4
0000            284   _TMR5           DATA 0xd5d4
0000            285   _SBRL1          DATA 0x9695
0000            286   _PCA0           DATA 0xfaf9
0000            287   _PCA0CP0        DATA 0xfcfb
0000            288   _PCA0CP1        DATA 0xeae9
0000            289   _PCA0CP2        DATA 0xeceb
0000            290   _PCA0CP3        DATA 0xf5f4
0000            291   _PCA0CP4        DATA 0x8584
0000            292   _PCA0CP5        DATA 0xdedd
0000            293   _ADC0ASA        DATA 0xb6b5
0000            294   _ADC0GT         DATA 0xc4c3
0000            295   _ADC0           DATA 0xbebd
0000            296   _ADC0LT         DATA 0xc6c5
0000            297   _DAC0           DATA 0x8584
0000            298   _DAC1           DATA 0x8a89
0000            299   _DAC2           DATA 0x8c8b
0000            300   _DAC3           DATA 0x8e8d
0000            301   ;--------------------------------------------------------
0000            302   ; special function bits
0000            303   ;--------------------------------------------------------
0000            304   _ACC_0          BIT 0xe0
0000            305   _ACC_1          BIT 0xe1
0000            306   _ACC_2          BIT 0xe2
0000            307   _ACC_3          BIT 0xe3
0000            308   _ACC_4          BIT 0xe4
0000            309   _ACC_5          BIT 0xe5
0000            310   _ACC_6          BIT 0xe6
0000            311   _ACC_7          BIT 0xe7
0000            312   _TEMPE          BIT 0xe8
0000            313   _ADGN0          BIT 0xe9
0000            314   _ADGN1          BIT 0xea
0000            315   _ADWINT         BIT 0xeb
0000            316   _ADBUSY         BIT 0xec
0000            317   _ADINT          BIT 0xed
0000            318   _IPOEN          BIT 0xee
0000            319   _ADEN           BIT 0xef
0000            320   _B_0            BIT 0xf0
0000            321   _B_1            BIT 0xf1
0000            322   _B_2            BIT 0xf2
0000            323   _B_3            BIT 0xf3
0000            324   _B_4            BIT 0xf4
0000            325   _B_5            BIT 0xf5
0000            326   _B_6            BIT 0xf6
0000            327   _B_7            BIT 0xf7
0000            328   _C0FIF          BIT 0xe8
0000            329   _C0RIF          BIT 0xe9
0000            330   _C1FIF          BIT 0xea
0000            331   _C1RIF          BIT 0xeb
0000            332   _C2FIF          BIT 0xec
0000            333   _C2RIF          BIT 0xed
0000            334   _C3FIF          BIT 0xee
0000            335   _C3RIF          BIT 0xef
0000            336   _D1SRC0         BIT 0x88
0000            337   _D1SRC1         BIT 0x89
0000            338   _D1AMEN         BIT 0x8a
0000            339   _D01REFSL       BIT 0x8b
0000            340   _D3SRC0         BIT 0x8c
0000            341   _D3SRC1         BIT 0x8d
0000            342   _D3AMEN         BIT 0x8e
0000            343   _D23REFSL       BIT 0x8f
0000            344   _D0UDIS         BIT 0x98
0000            345   _D1UDIS         BIT 0x99
0000            346   _D2UDIS         BIT 0x9a
0000            347   _D3UDIS         BIT 0x9b
0000            348   _EX0            BIT 0xa8
0000            349   _ET0            BIT 0xa9
0000            350   _EX1            BIT 0xaa
0000            351   _ET1            BIT 0xab
0000            352   _ES0            BIT 0xac
0000            353   _ET2            BIT 0xad
0000            354   _ESPI0          BIT 0xae
0000            355   _EA             BIT 0xaf
0000            356   _PX0            BIT 0xb8
0000            357   _PT0            BIT 0xb9
0000            358   _PX1            BIT 0xba
0000            359   _PT1            BIT 0xbb
0000            360   _PS0            BIT 0xbc
0000            361   _PT2            BIT 0xbd
0000            362   _PSPI0          BIT 0xbe
0000            363   _P0_0           BIT 0x80
0000            364   _P0_1           BIT 0x81
0000            365   _P0_2           BIT 0x82
0000            366   _P0_3           BIT 0x83
0000            367   _P0_4           BIT 0x84
0000            368   _P0_5           BIT 0x85
0000            369   _P0_6           BIT 0x86
0000            370   _P0_7           BIT 0x87
0000            371   _P1_0           BIT 0x90
0000            372   _P1_1           BIT 0x91
0000            373   _P1_2           BIT 0x92
0000            374   _P1_3           BIT 0x93
0000            375   _P1_4           BIT 0x94
0000            376   _P1_5           BIT 0x95
0000            377   _P1_6           BIT 0x96
0000            378   _P1_7           BIT 0x97
0000            379   _P2_0           BIT 0xa0
0000            380   _P2_1           BIT 0xa1
0000            381   _P2_2           BIT 0xa2
0000            382   _P2_3           BIT 0xa3
0000            383   _P2_4           BIT 0xa4
0000            384   _P2_5           BIT 0xa5
0000            385   _P2_6           BIT 0xa6
0000            386   _P3_0           BIT 0xb0
0000            387   _P3_1           BIT 0xb1
0000            388   _P3_2           BIT 0xb2
0000            389   _P3_3           BIT 0xb3
0000            390   _P3_4           BIT 0xb4
0000            391   _P3_7           BIT 0xb7
0000            392   _CCF0           BIT 0xd8
0000            393   _CCF1           BIT 0xd9
0000            394   _CCF2           BIT 0xda
0000            395   _CCF3           BIT 0xdb
0000            396   _CCF4           BIT 0xdc
0000            397   _CCF5           BIT 0xdd
0000            398   _CR             BIT 0xde
0000            399   _CF             BIT 0xdf
0000            400   _PARITY         BIT 0xd0
0000            401   _F1             BIT 0xd1
0000            402   _OV             BIT 0xd2
0000            403   _RS0            BIT 0xd3
0000            404   _RS1            BIT 0xd4
0000            405   _F0             BIT 0xd5
0000            406   _AC             BIT 0xd6
0000            407   _CY             BIT 0xd7
0000            408   _RI             BIT 0x98
0000            409   _TI             BIT 0x99
0000            410   _RB8            BIT 0x9a
0000            411   _TB8            BIT 0x9b
0000            412   _REN            BIT 0x9c
0000            413   _CE             BIT 0x9d
0000            414   _SMODE          BIT 0x9e
0000            415   _RI1            BIT 0xc8
0000            416   _TI1            BIT 0xc9
0000            417   _RBX1           BIT 0xca
0000            418   _TBX1           BIT 0xcb
0000            419   _REN1           BIT 0xcc
0000            420   _PERR1          BIT 0xcd
0000            421   _OVR1           BIT 0xce
0000            422   _SI             BIT 0xc0
0000            423   _ACK            BIT 0xc1
0000            424   _ARBLOST        BIT 0xc2
0000            425   _ACKRQ          BIT 0xc3
0000            426   _STO            BIT 0xc4
0000            427   _STA            BIT 0xc5
0000            428   _TXMODE         BIT 0xc6
0000            429   _MASTER         BIT 0xc7
0000            430   _SPIEN          BIT 0xf8
0000            431   _TXNF           BIT 0xf9
0000            432   _NSSMD0         BIT 0xfa
0000            433   _NSSMD1         BIT 0xfb
0000            434   _RXOVRN         BIT 0xfc
0000            435   _MODF           BIT 0xfd
0000            436   _WCOL           BIT 0xfe
0000            437   _SPIF           BIT 0xff
0000            438   _IT0            BIT 0x88
0000            439   _IE0            BIT 0x89
0000            440   _IT1            BIT 0x8a
0000            441   _IE1            BIT 0x8b
0000            442   _TR0            BIT 0x8c
0000            443   _TF0            BIT 0x8d
0000            444   _TR1            BIT 0x8e
0000            445   _TF1            BIT 0x8f
0000            446   _T2XCLK0        BIT 0xc8
0000            447   _T2XCLK1        BIT 0xc9
0000            448   _TR2            BIT 0xca
0000            449   _T2SPLIT        BIT 0xcb
0000            450   _TF2CEN         BIT 0xcc
0000            451   _TF2LEN         BIT 0xcd
0000            452   _TF2L           BIT 0xce
0000            453   _TF2H           BIT 0xcf
0000            454   _T4XCLK0        BIT 0x98
0000            455   _T4XCLK1        BIT 0x99
0000            456   _TR4            BIT 0x9a
0000            457   _T4SPLIT        BIT 0x9b
0000            458   _TF4CEN         BIT 0x9c
0000            459   _TF4LEN         BIT 0x9d
0000            460   _TF4L           BIT 0x9e
0000            461   _TF4H           BIT 0x9f
0000            462   _T5XCLK0        BIT 0xc0
0000            463   _T5XCLK1        BIT 0xc1
0000            464   _TR5            BIT 0xc2
0000            465   _T5SPLIT        BIT 0xc3
0000            466   _TF5CEN         BIT 0xc4
0000            467   _TF5LEN         BIT 0xc5
0000            468   _TF5L           BIT 0xc6
0000            469   _TF5H           BIT 0xc7
0000            470   _RIE            BIT 0xd8
0000            471   _RXTO0          BIT 0xd9
0000            472   _RXTO1          BIT 0xda
0000            473   _RFRQ           BIT 0xdb
0000            474   _TIE            BIT 0xdc
0000            475   _TXHOLD         BIT 0xdd
0000            476   _TXNF1          BIT 0xde
0000            477   _TFRQ           BIT 0xdf
0000            478   ;--------------------------------------------------------
0000            479   ; overlayable register banks
0000            480   ;--------------------------------------------------------
0000            481            rbank0 segment data overlay
0000            482   ;--------------------------------------------------------
0000            483   ; internal ram data
0000            484   ;--------------------------------------------------------
0000            485            rseg R_DSEG
0000            486   _main_v_1_63:
0000            487            ds 8
0008            488   _main_period_1_63:
0008            489            ds 4
000C            490   _main_sloc0_1_0:
000C            491            ds 4
0010            492   ;--------------------------------------------------------
0010            493   ; overlayable items in internal ram 
0010            494   ;--------------------------------------------------------
0000            495            rseg    R_OSEG
0000            496            rseg    R_OSEG
0000            497   _InitPinADC_PARM_2:
0000            498            ds 1
0001            499            rseg    R_OSEG
0001            500   ;--------------------------------------------------------
0001            501   ; indirectly addressable internal ram data
0001            502   ;--------------------------------------------------------
0000            503            rseg R_ISEG
0000            504   ;--------------------------------------------------------
0000            505   ; absolute internal ram data
0000            506   ;--------------------------------------------------------
0000            507            DSEG
0000            508   ;--------------------------------------------------------
0000            509   ; bit data
0000            510   ;--------------------------------------------------------
0000            511            rseg R_BSEG
0000            512   ;--------------------------------------------------------
0000            513   ; paged external ram data
0000            514   ;--------------------------------------------------------
0000            515            rseg R_PSEG
0000            516   ;--------------------------------------------------------
0000            517   ; external ram data
0000            518   ;--------------------------------------------------------
0000            519            rseg R_XSEG
0000            520   ;--------------------------------------------------------
0000            521   ; absolute external ram data
0000            522   ;--------------------------------------------------------
0000            523            XSEG
0000            524   ;--------------------------------------------------------
0000            525   ; external initialized ram data
0000            526   ;--------------------------------------------------------
0000            527            rseg R_IXSEG
0000            528            rseg R_HOME
0000            529            rseg R_GSINIT
0000            530            rseg R_CSEG
0000            531   ;--------------------------------------------------------
0000            532   ; Reset entry point and interrupt vectors
0000            533   ;--------------------------------------------------------
0000            534            CSEG at 0x0000
0000 020000     535            ljmp    _crt0
0003            536   ;--------------------------------------------------------
0003            537   ; global & static initialisations
0003            538   ;--------------------------------------------------------
0000            539            rseg R_HOME
0000            540            rseg R_GSINIT
0000            541            rseg R_GSINIT
0000            542   ;--------------------------------------------------------
0000            543   ; data variables initialization
0000            544   ;--------------------------------------------------------
0000            545            rseg R_DINIT
0000            546            ; The linker places a 'ret' at the end of segment R_DINIT.
0000            547   ;--------------------------------------------------------
0000            548   ; code
0000            549   ;--------------------------------------------------------
0000            550            rseg R_CSEG
0000            551   ;------------------------------------------------------------
0000            552   ;Allocation info for local variables in function '_c51_external_startup'
0000            553   ;------------------------------------------------------------
0000            554   ;------------------------------------------------------------
0000            555   ;        C:\Users\29778\OneDrive\Desktop\second_year\ELEC 291\lab5\elec_291_lab5\lab5_1.c:17: char _c51_external_startup (void)
0000            556   ;        -----------------------------------------
0000            557   ;         function _c51_external_startup
0000            558   ;        -----------------------------------------
0000            559   __c51_external_startup:
0000            560            using   0
0000            561   ;        C:\Users\29778\OneDrive\Desktop\second_year\ELEC 291\lab5\elec_291_lab5\lab5_1.c:20: SFRPAGE = 0x00;
0000 75A700     562            mov     _SFRPAGE,#0x00
0003            563   ;        C:\Users\29778\OneDrive\Desktop\second_year\ELEC 291\lab5\elec_291_lab5\lab5_1.c:21: WDTCN = 0xDE; //First key
0003 7597DE     564            mov     _WDTCN,#0xDE
0006            565   ;        C:\Users\29778\OneDrive\Desktop\second_year\ELEC 291\lab5\elec_291_lab5\lab5_1.c:22: WDTCN = 0xAD; //Second key
0006 7597AD     566            mov     _WDTCN,#0xAD
0009            567   ;        C:\Users\29778\OneDrive\Desktop\second_year\ELEC 291\lab5\elec_291_lab5\lab5_1.c:24: VDM0CN=0x80;       // enable VDD monitor
0009 75FF80     568            mov     _VDM0CN,#0x80
000C            569   ;        C:\Users\29778\OneDrive\Desktop\second_year\ELEC 291\lab5\elec_291_lab5\lab5_1.c:25: RSTSRC=0x02|0x04;  // Enable reset on missing clock detector and VDD
000C 75EF06     570            mov     _RSTSRC,#0x06
000F            571   ;        C:\Users\29778\OneDrive\Desktop\second_year\ELEC 291\lab5\elec_291_lab5\lab5_1.c:32: SFRPAGE = 0x10;
000F 75A710     572            mov     _SFRPAGE,#0x10
0012            573   ;        C:\Users\29778\OneDrive\Desktop\second_year\ELEC 291\lab5\elec_291_lab5\lab5_1.c:33: PFE0CN  = 0x20; // SYSCLK < 75 MHz.
0012 75C120     574            mov     _PFE0CN,#0x20
0015            575   ;        C:\Users\29778\OneDrive\Desktop\second_year\ELEC 291\lab5\elec_291_lab5\lab5_1.c:34: SFRPAGE = 0x00;
0015 75A700     576            mov     _SFRPAGE,#0x00
0018            577   ;        C:\Users\29778\OneDrive\Desktop\second_year\ELEC 291\lab5\elec_291_lab5\lab5_1.c:55: CLKSEL = 0x00;
0018 75A900     578            mov     _CLKSEL,#0x00
001B            579   ;        C:\Users\29778\OneDrive\Desktop\second_year\ELEC 291\lab5\elec_291_lab5\lab5_1.c:56: CLKSEL = 0x00;
001B 75A900     580            mov     _CLKSEL,#0x00
001E            581   ;        C:\Users\29778\OneDrive\Desktop\second_year\ELEC 291\lab5\elec_291_lab5\lab5_1.c:57: while ((CLKSEL & 0x80) == 0);
001E            582   L002001?:
001E E5A9       583            mov     a,_CLKSEL
0020 30E728     584            jnb     acc.7,L002001?
0023            585   ;        C:\Users\29778\OneDrive\Desktop\second_year\ELEC 291\lab5\elec_291_lab5\lab5_1.c:58: CLKSEL = 0x03;
0023 75A903     586            mov     _CLKSEL,#0x03
0026            587   ;        C:\Users\29778\OneDrive\Desktop\second_year\ELEC 291\lab5\elec_291_lab5\lab5_1.c:59: CLKSEL = 0x03;
0026 75A903     588            mov     _CLKSEL,#0x03
0029            589   ;        C:\Users\29778\OneDrive\Desktop\second_year\ELEC 291\lab5\elec_291_lab5\lab5_1.c:60: while ((CLKSEL & 0x80) == 0);
0029            590   L002004?:
0029 E5A9       591            mov     a,_CLKSEL
002B 30E7A8     592            jnb     acc.7,L002004?
002E            593   ;        C:\Users\29778\OneDrive\Desktop\second_year\ELEC 291\lab5\elec_291_lab5\lab5_1.c:65: P0MDOUT |= 0x10; // Enable UART0 TX as push-pull output
002E 43A410     594            orl     _P0MDOUT,#0x10
0031            595   ;        C:\Users\29778\OneDrive\Desktop\second_year\ELEC 291\lab5\elec_291_lab5\lab5_1.c:66: XBR0     = 0x01; // Enable UART0 on P0.4(TX) and P0.5(RX)                     
0031 75E101     596            mov     _XBR0,#0x01
0034            597   ;        C:\Users\29778\OneDrive\Desktop\second_year\ELEC 291\lab5\elec_291_lab5\lab5_1.c:67: XBR1     = 0X00;
0034 75E200     598            mov     _XBR1,#0x00
0037            599   ;        C:\Users\29778\OneDrive\Desktop\second_year\ELEC 291\lab5\elec_291_lab5\lab5_1.c:68: XBR2     = 0x40; // Enable crossbar and weak pull-ups
0037 75E340     600            mov     _XBR2,#0x40
003A            601   ;        C:\Users\29778\OneDrive\Desktop\second_year\ELEC 291\lab5\elec_291_lab5\lab5_1.c:74: SCON0 = 0x10;
003A 759810     602            mov     _SCON0,#0x10
003D            603   ;        C:\Users\29778\OneDrive\Desktop\second_year\ELEC 291\lab5\elec_291_lab5\lab5_1.c:75: TH1 = 0x100-((SYSCLK/BAUDRATE)/(2L*12L));
003D 758DE6     604            mov     _TH1,#0xE6
0040            605   ;        C:\Users\29778\OneDrive\Desktop\second_year\ELEC 291\lab5\elec_291_lab5\lab5_1.c:76: TL1 = TH1;      // Init Timer1
0040 858D8B     606            mov     _TL1,_TH1
0043            607   ;        C:\Users\29778\OneDrive\Desktop\second_year\ELEC 291\lab5\elec_291_lab5\lab5_1.c:77: TMOD &= ~0xf0;  // TMOD: timer 1 in 8-bit auto-reload
0043 53890F     608            anl     _TMOD,#0x0F
0046            609   ;        C:\Users\29778\OneDrive\Desktop\second_year\ELEC 291\lab5\elec_291_lab5\lab5_1.c:78: TMOD |=  0x20;                       
0046 438920     610            orl     _TMOD,#0x20
0049            611   ;        C:\Users\29778\OneDrive\Desktop\second_year\ELEC 291\lab5\elec_291_lab5\lab5_1.c:79: TR1 = 1; // START Timer1
0049 D28E       612            setb    _TR1
004B            613   ;        C:\Users\29778\OneDrive\Desktop\second_year\ELEC 291\lab5\elec_291_lab5\lab5_1.c:80: TI = 1;  // Indicate TX0 ready
004B D299       614            setb    _TI
004D            615   ;        C:\Users\29778\OneDrive\Desktop\second_year\ELEC 291\lab5\elec_291_lab5\lab5_1.c:82: return 0;
004D 758200     616            mov     dpl,#0x00
0050 22         617            ret
0051            618   ;------------------------------------------------------------
0051            619   ;Allocation info for local variables in function 'InitADC'
0051            620   ;------------------------------------------------------------
0051            621   ;------------------------------------------------------------
0051            622   ;        C:\Users\29778\OneDrive\Desktop\second_year\ELEC 291\lab5\elec_291_lab5\lab5_1.c:85: void InitADC (void)
0051            623   ;        -----------------------------------------
0051            624   ;         function InitADC
0051            625   ;        -----------------------------------------
0051            626   _InitADC:
0051            627   ;        C:\Users\29778\OneDrive\Desktop\second_year\ELEC 291\lab5\elec_291_lab5\lab5_1.c:87: SFRPAGE = 0x00;
0051 75A700     628            mov     _SFRPAGE,#0x00
0054            629   ;        C:\Users\29778\OneDrive\Desktop\second_year\ELEC 291\lab5\elec_291_lab5\lab5_1.c:88: ADEN=0; // Disable ADC
0054 C2EF       630            clr     _ADEN
0056            631   ;        C:\Users\29778\OneDrive\Desktop\second_year\ELEC 291\lab5\elec_291_lab5\lab5_1.c:93: (0x0 << 0) ; // Accumulate n conversions: 0x0: 1, 0x1:4, 0x2:8, 0x3:16, 0x4:32
0056 75B280     632            mov     _ADC0CN1,#0x80
0059            633   ;        C:\Users\29778\OneDrive\Desktop\second_year\ELEC 291\lab5\elec_291_lab5\lab5_1.c:97: (0x0 << 2); // 0:SYSCLK ADCCLK = SYSCLK. 1:HFOSC0 ADCCLK = HFOSC0.
0059 75BC20     634            mov     _ADC0CF0,#0x20
005C            635   ;        C:\Users\29778\OneDrive\Desktop\second_year\ELEC 291\lab5\elec_291_lab5\lab5_1.c:101: (0x1E << 0); // Conversion Tracking Time. Tadtk = ADTK / (Fsarclk)
005C 75B91E     636            mov     _ADC0CF1,#0x1E
005F            637   ;        C:\Users\29778\OneDrive\Desktop\second_year\ELEC 291\lab5\elec_291_lab5\lab5_1.c:110: (0x0 << 0) ; // TEMPE. 0: Disable the Temperature Sensor. 1: Enable the Temperature Sensor.
005F 75E800     638            mov     _ADC0CN0,#0x00
0062            639   ;        C:\Users\29778\OneDrive\Desktop\second_year\ELEC 291\lab5\elec_291_lab5\lab5_1.c:115: (0x1F << 0); // ADPWR. Power Up Delay Time. Tpwrtime = ((4 * (ADPWR + 1)) + 2) / (Fadcclk)
0062 75DF3F     640            mov     _ADC0CF2,#0x3F
0065            641   ;        C:\Users\29778\OneDrive\Desktop\second_year\ELEC 291\lab5\elec_291_lab5\lab5_1.c:119: (0x0 << 0) ; // ADCM. 0x0: ADBUSY, 0x1: TIMER0, 0x2: TIMER2, 0x3: TIMER3, 0x4: CNVSTR, 0x5: CEX5, 0x6: TIMER4, 0x7: TIMER5, 0x8: CLU0, 0x9: CLU1, 0xA: CLU2, 0xB: CLU3
0065 75B300     642            mov     _ADC0CN2,#0x00
0068            643   ;        C:\Users\29778\OneDrive\Desktop\second_year\ELEC 291\lab5\elec_291_lab5\lab5_1.c:121: ADEN=1; // Enable ADC
0068 D2EF       644            setb    _ADEN
006A 22         645            ret
006B            646   ;------------------------------------------------------------
006B            647   ;Allocation info for local variables in function 'Timer3us'
006B            648   ;------------------------------------------------------------
006B            649   ;us                        Allocated to registers r2 
006B            650   ;i                         Allocated to registers r3 
006B            651   ;------------------------------------------------------------
006B            652   ;        C:\Users\29778\OneDrive\Desktop\second_year\ELEC 291\lab5\elec_291_lab5\lab5_1.c:125: void Timer3us(unsigned char us)
006B            653   ;        -----------------------------------------
006B            654   ;         function Timer3us
006B            655   ;        -----------------------------------------
006B            656   _Timer3us:
006B AA82       657            mov     r2,dpl
006D            658   ;        C:\Users\29778\OneDrive\Desktop\second_year\ELEC 291\lab5\elec_291_lab5\lab5_1.c:130: CKCON0|=0b_0100_0000;
006D 438E40     659            orl     _CKCON0,#0x40
0070            660   ;        C:\Users\29778\OneDrive\Desktop\second_year\ELEC 291\lab5\elec_291_lab5\lab5_1.c:132: TMR3RL = (-(SYSCLK)/1000000L); // Set Timer3 to overflow in 1us.
0070 7592B8     661            mov     _TMR3RL,#0xB8
0073 7593FF     662            mov     (_TMR3RL >> 8),#0xFF
0076            663   ;        C:\Users\29778\OneDrive\Desktop\second_year\ELEC 291\lab5\elec_291_lab5\lab5_1.c:133: TMR3 = TMR3RL;                 // Initialize Timer3 for first overflow
0076 859294     664            mov     _TMR3,_TMR3RL
0079 859395     665            mov     (_TMR3 >> 8),(_TMR3RL >> 8)
007C            666   ;        C:\Users\29778\OneDrive\Desktop\second_year\ELEC 291\lab5\elec_291_lab5\lab5_1.c:135: TMR3CN0 = 0x04;                 // Sart Timer3 and clear overflow flag
007C 759104     667            mov     _TMR3CN0,#0x04
007F            668   ;        C:\Users\29778\OneDrive\Desktop\second_year\ELEC 291\lab5\elec_291_lab5\lab5_1.c:136: for (i = 0; i < us; i++)       // Count <us> overflows
007F 7B00       669            mov     r3,#0x00
0081            670   L004004?:
0081 C3         671            clr     c
0082 EB         672            mov     a,r3
0083 9A         673            subb    a,r2
0084 5000       674            jnc     L004007?
0086            675   ;        C:\Users\29778\OneDrive\Desktop\second_year\ELEC 291\lab5\elec_291_lab5\lab5_1.c:138: while (!(TMR3CN0 & 0x80));  // Wait for overflow
0086            676   L004001?:
0086 E591       677            mov     a,_TMR3CN0
0088 30E7A8     678            jnb     acc.7,L004001?
008B            679   ;        C:\Users\29778\OneDrive\Desktop\second_year\ELEC 291\lab5\elec_291_lab5\lab5_1.c:139: TMR3CN0 &= ~(0x80);         // Clear overflow indicator
008B 53917F     680            anl     _TMR3CN0,#0x7F
008E            681   ;        C:\Users\29778\OneDrive\Desktop\second_year\ELEC 291\lab5\elec_291_lab5\lab5_1.c:136: for (i = 0; i < us; i++)       // Count <us> overflows
008E 0B         682            inc     r3
008F 8000       683            sjmp    L004004?
0091            684   L004007?:
0091            685   ;        C:\Users\29778\OneDrive\Desktop\second_year\ELEC 291\lab5\elec_291_lab5\lab5_1.c:141: TMR3CN0 = 0 ;                   // Stop Timer3 and clear overflow flag
0091 759100     686            mov     _TMR3CN0,#0x00
0094 22         687            ret
0095            688   ;------------------------------------------------------------
0095            689   ;Allocation info for local variables in function 'TIMER0_Init'
0095            690   ;------------------------------------------------------------
0095            691   ;------------------------------------------------------------
0095            692   ;        C:\Users\29778\OneDrive\Desktop\second_year\ELEC 291\lab5\elec_291_lab5\lab5_1.c:144: void TIMER0_Init(void)
0095            693   ;        -----------------------------------------
0095            694   ;         function TIMER0_Init
0095            695   ;        -----------------------------------------
0095            696   _TIMER0_Init:
0095            697   ;        C:\Users\29778\OneDrive\Desktop\second_year\ELEC 291\lab5\elec_291_lab5\lab5_1.c:146: TMOD&=0b_1111_0000; // Set the bits of Timer/Counter 0 to zero
0095 5389F0     698            anl     _TMOD,#0xF0
0098            699   ;        C:\Users\29778\OneDrive\Desktop\second_year\ELEC 291\lab5\elec_291_lab5\lab5_1.c:147: TMOD|=0b_0000_0001; // Timer/Counter 0 used as a 16-bit timer
0098 438901     700            orl     _TMOD,#0x01
009B            701   ;        C:\Users\29778\OneDrive\Desktop\second_year\ELEC 291\lab5\elec_291_lab5\lab5_1.c:148: TR0=0; // Stop Timer/Counter 0
009B C28C       702            clr     _TR0
009D 22         703            ret
009E            704   ;------------------------------------------------------------
009E            705   ;Allocation info for local variables in function 'waitms'
009E            706   ;------------------------------------------------------------
009E            707   ;ms                        Allocated to registers r2 r3 
009E            708   ;j                         Allocated to registers r4 r5 
009E            709   ;k                         Allocated to registers r6 
009E            710   ;------------------------------------------------------------
009E            711   ;        C:\Users\29778\OneDrive\Desktop\second_year\ELEC 291\lab5\elec_291_lab5\lab5_1.c:151: void waitms (unsigned int ms)
009E            712   ;        -----------------------------------------
009E            713   ;         function waitms
009E            714   ;        -----------------------------------------
009E            715   _waitms:
009E AA82       716            mov     r2,dpl
00A0 AB83       717            mov     r3,dph
00A2            718   ;        C:\Users\29778\OneDrive\Desktop\second_year\ELEC 291\lab5\elec_291_lab5\lab5_1.c:155: for(j=0; j<ms; j++)
00A2 7C00       719            mov     r4,#0x00
00A4 7D00       720            mov     r5,#0x00
00A6            721   L006005?:
00A6 C3         722            clr     c
00A7 EC         723            mov     a,r4
00A8 9A         724            subb    a,r2
00A9 ED         725            mov     a,r5
00AA 9B         726            subb    a,r3
00AB 5000       727            jnc     L006009?
00AD            728   ;        C:\Users\29778\OneDrive\Desktop\second_year\ELEC 291\lab5\elec_291_lab5\lab5_1.c:156: for (k=0; k<4; k++) Timer3us(250);
00AD 7E00       729            mov     r6,#0x00
00AF            730   L006001?:
00AF BE04E8     731            cjne    r6,#0x04,L006018?
00B2            732   L006018?:
00B2 5000       733            jnc     L006007?
00B4 7582FA     734            mov     dpl,#0xFA
00B7 C002       735            push    ar2
00B9 C003       736            push    ar3
00BB C004       737            push    ar4
00BD C005       738            push    ar5
00BF C006       739            push    ar6
00C1 120000     740            lcall   _Timer3us
00C4 D006       741            pop     ar6
00C6 D005       742            pop     ar5
00C8 D004       743            pop     ar4
00CA D003       744            pop     ar3
00CC D002       745            pop     ar2
00CE 0E         746            inc     r6
00CF 8000       747            sjmp    L006001?
00D1            748   L006007?:
00D1            749   ;        C:\Users\29778\OneDrive\Desktop\second_year\ELEC 291\lab5\elec_291_lab5\lab5_1.c:155: for(j=0; j<ms; j++)
00D1 0C         750            inc     r4
00D2 BC0028     751            cjne    r4,#0x00,L006005?
00D5 0D         752            inc     r5
00D6 8000       753            sjmp    L006005?
00D8            754   L006009?:
00D8 22         755            ret
00D9            756   ;------------------------------------------------------------
00D9            757   ;Allocation info for local variables in function 'InitPinADC'
00D9            758   ;------------------------------------------------------------
00D9            759   ;pinno                     Allocated with name '_InitPinADC_PARM_2'
00D9            760   ;portno                    Allocated to registers r2 
00D9            761   ;mask                      Allocated to registers r3 
00D9            762   ;------------------------------------------------------------
00D9            763   ;        C:\Users\29778\OneDrive\Desktop\second_year\ELEC 291\lab5\elec_291_lab5\lab5_1.c:161: void InitPinADC (unsigned char portno, unsigned char pinno)
00D9            764   ;        -----------------------------------------
00D9            765   ;         function InitPinADC
00D9            766   ;        -----------------------------------------
00D9            767   _InitPinADC:
00D9 AA82       768            mov     r2,dpl
00DB            769   ;        C:\Users\29778\OneDrive\Desktop\second_year\ELEC 291\lab5\elec_291_lab5\lab5_1.c:165: mask=1<<pinno;
00DB 8560F0     770            mov     b,_InitPinADC_PARM_2
00DE 05F0       771            inc     b
00E0 7401       772            mov     a,#0x01
00E2 8000       773            sjmp    L007013?
00E4            774   L007011?:
00E4 25E0       775            add     a,acc
00E6            776   L007013?:
00E6 D5F0E8     777            djnz    b,L007011?
00E9 FB         778            mov     r3,a
00EA            779   ;        C:\Users\29778\OneDrive\Desktop\second_year\ELEC 291\lab5\elec_291_lab5\lab5_1.c:167: SFRPAGE = 0x20;
00EA 75A720     780            mov     _SFRPAGE,#0x20
00ED            781   ;        C:\Users\29778\OneDrive\Desktop\second_year\ELEC 291\lab5\elec_291_lab5\lab5_1.c:168: switch (portno)
00ED BA0028     782            cjne    r2,#0x00,L007014?
00F0 8000       783            sjmp    L007001?
00F2            784   L007014?:
00F2 BA01A8     785            cjne    r2,#0x01,L007015?
00F5 8000       786            sjmp    L007002?
00F7            787   L007015?:
00F7            788   ;        C:\Users\29778\OneDrive\Desktop\second_year\ELEC 291\lab5\elec_291_lab5\lab5_1.c:170: case 0:
00F7 BA0228     789            cjne    r2,#0x02,L007005?
00FA 8000       790            sjmp    L007003?
00FC            791   L007001?:
00FC            792   ;        C:\Users\29778\OneDrive\Desktop\second_year\ELEC 291\lab5\elec_291_lab5\lab5_1.c:171: P0MDIN &= (~mask); // Set pin as analog input
00FC EB         793            mov     a,r3
00FD F4         794            cpl     a
00FE FA         795            mov     r2,a
00FF 52F1       796            anl     _P0MDIN,a
0101            797   ;        C:\Users\29778\OneDrive\Desktop\second_year\ELEC 291\lab5\elec_291_lab5\lab5_1.c:172: P0SKIP |= mask; // Skip Crossbar decoding for this pin
0101 EB         798            mov     a,r3
0102 42D4       799            orl     _P0SKIP,a
0104            800   ;        C:\Users\29778\OneDrive\Desktop\second_year\ELEC 291\lab5\elec_291_lab5\lab5_1.c:173: break;
0104            801   ;        C:\Users\29778\OneDrive\Desktop\second_year\ELEC 291\lab5\elec_291_lab5\lab5_1.c:174: case 1:
0104 8000       802            sjmp    L007005?
0106            803   L007002?:
0106            804   ;        C:\Users\29778\OneDrive\Desktop\second_year\ELEC 291\lab5\elec_291_lab5\lab5_1.c:175: P1MDIN &= (~mask); // Set pin as analog input
0106 EB         805            mov     a,r3
0107 F4         806            cpl     a
0108 FA         807            mov     r2,a
0109 52F2       808            anl     _P1MDIN,a
010B            809   ;        C:\Users\29778\OneDrive\Desktop\second_year\ELEC 291\lab5\elec_291_lab5\lab5_1.c:176: P1SKIP |= mask; // Skip Crossbar decoding for this pin
010B EB         810            mov     a,r3
010C 42D5       811            orl     _P1SKIP,a
010E            812   ;        C:\Users\29778\OneDrive\Desktop\second_year\ELEC 291\lab5\elec_291_lab5\lab5_1.c:177: break;
010E            813   ;        C:\Users\29778\OneDrive\Desktop\second_year\ELEC 291\lab5\elec_291_lab5\lab5_1.c:178: case 2:
010E 8000       814            sjmp    L007005?
0110            815   L007003?:
0110            816   ;        C:\Users\29778\OneDrive\Desktop\second_year\ELEC 291\lab5\elec_291_lab5\lab5_1.c:179: P2MDIN &= (~mask); // Set pin as analog input
0110 EB         817            mov     a,r3
0111 F4         818            cpl     a
0112 FA         819            mov     r2,a
0113 52F3       820            anl     _P2MDIN,a
0115            821   ;        C:\Users\29778\OneDrive\Desktop\second_year\ELEC 291\lab5\elec_291_lab5\lab5_1.c:180: P2SKIP |= mask; // Skip Crossbar decoding for this pin
0115 EB         822            mov     a,r3
0116 42CC       823            orl     _P2SKIP,a
0118            824   ;        C:\Users\29778\OneDrive\Desktop\second_year\ELEC 291\lab5\elec_291_lab5\lab5_1.c:184: }
0118            825   L007005?:
0118            826   ;        C:\Users\29778\OneDrive\Desktop\second_year\ELEC 291\lab5\elec_291_lab5\lab5_1.c:185: SFRPAGE = 0x00;
0118 75A700     827            mov     _SFRPAGE,#0x00
011B 22         828            ret
011C            829   ;------------------------------------------------------------
011C            830   ;Allocation info for local variables in function 'ADC_at_Pin'
011C            831   ;------------------------------------------------------------
011C            832   ;pin                       Allocated to registers 
011C            833   ;------------------------------------------------------------
011C            834   ;        C:\Users\29778\OneDrive\Desktop\second_year\ELEC 291\lab5\elec_291_lab5\lab5_1.c:188: unsigned int ADC_at_Pin(unsigned char pin)
011C            835   ;        -----------------------------------------
011C            836   ;         function ADC_at_Pin
011C            837   ;        -----------------------------------------
011C            838   _ADC_at_Pin:
011C 8582BB     839            mov     _ADC0MX,dpl
011F            840   ;        C:\Users\29778\OneDrive\Desktop\second_year\ELEC 291\lab5\elec_291_lab5\lab5_1.c:191: ADINT = 0;
011F C2ED       841            clr     _ADINT
0121            842   ;        C:\Users\29778\OneDrive\Desktop\second_year\ELEC 291\lab5\elec_291_lab5\lab5_1.c:192: ADBUSY = 1;     // Convert voltage at the pin
0121 D2EC       843            setb    _ADBUSY
0123            844   ;        C:\Users\29778\OneDrive\Desktop\second_year\ELEC 291\lab5\elec_291_lab5\lab5_1.c:193: while (!ADINT); // Wait for conversion to complete
0123            845   L008001?:
0123 30EDA8     846            jnb     _ADINT,L008001?
0126            847   ;        C:\Users\29778\OneDrive\Desktop\second_year\ELEC 291\lab5\elec_291_lab5\lab5_1.c:194: return (ADC0);
0126 85BD82     848            mov     dpl,_ADC0
0129 85BE83     849            mov     dph,(_ADC0 >> 8)
012C 22         850            ret
012D            851   ;------------------------------------------------------------
012D            852   ;Allocation info for local variables in function 'Get_ADC'
012D            853   ;------------------------------------------------------------
012D            854   ;------------------------------------------------------------
012D            855   ;        C:\Users\29778\OneDrive\Desktop\second_year\ELEC 291\lab5\elec_291_lab5\lab5_1.c:197: unsigned int Get_ADC (void)
012D            856   ;        -----------------------------------------
012D            857   ;         function Get_ADC
012D            858   ;        -----------------------------------------
012D            859   _Get_ADC:
012D            860   ;        C:\Users\29778\OneDrive\Desktop\second_year\ELEC 291\lab5\elec_291_lab5\lab5_1.c:199: ADINT = 0;
012D C2ED       861            clr     _ADINT
012F            862   ;        C:\Users\29778\OneDrive\Desktop\second_year\ELEC 291\lab5\elec_291_lab5\lab5_1.c:200: ADBUSY = 1;
012F D2EC       863            setb    _ADBUSY
0131            864   ;        C:\Users\29778\OneDrive\Desktop\second_year\ELEC 291\lab5\elec_291_lab5\lab5_1.c:201: while (!ADINT); // Wait for conversion to complete
0131            865   L009001?:
0131 30EDE8     866            jnb     _ADINT,L009001?
0134            867   ;        C:\Users\29778\OneDrive\Desktop\second_year\ELEC 291\lab5\elec_291_lab5\lab5_1.c:202: return (ADC0);
0134 85BD82     868            mov     dpl,_ADC0
0137 85BE83     869            mov     dph,(_ADC0 >> 8)
013A 22         870            ret
013B            871   ;------------------------------------------------------------
013B            872   ;Allocation info for local variables in function 'Volts_at_Pin'
013B            873   ;------------------------------------------------------------
013B            874   ;pin                       Allocated to registers r2 
013B            875   ;------------------------------------------------------------
013B            876   ;        C:\Users\29778\OneDrive\Desktop\second_year\ELEC 291\lab5\elec_291_lab5\lab5_1.c:205: float Volts_at_Pin(unsigned char pin)
013B            877   ;        -----------------------------------------
013B            878   ;         function Volts_at_Pin
013B            879   ;        -----------------------------------------
013B            880   _Volts_at_Pin:
013B            881   ;        C:\Users\29778\OneDrive\Desktop\second_year\ELEC 291\lab5\elec_291_lab5\lab5_1.c:207: return ((ADC_at_Pin(pin)*VDD)/0b_0011_1111_1111_1111);
013B 120000     882            lcall   _ADC_at_Pin
013E 120000     883            lcall   ___uint2fs
0141 AA82       884            mov     r2,dpl
0143 AB83       885            mov     r3,dph
0145 ACF0       886            mov     r4,b
0147 FD         887            mov     r5,a
0148 C002       888            push    ar2
014A C003       889            push    ar3
014C C004       890            push    ar4
014E C005       891            push    ar5
0150 906C8B     892            mov     dptr,#0x6C8B
0153 75F053     893            mov     b,#0x53
0156 7440       894            mov     a,#0x40
0158 120000     895            lcall   ___fsmul
015B AA82       896            mov     r2,dpl
015D AB83       897            mov     r3,dph
015F ACF0       898            mov     r4,b
0161 FD         899            mov     r5,a
0162 E581       900            mov     a,sp
0164 24FC       901            add     a,#0xfc
0166 F581       902            mov     sp,a
0168 E4         903            clr     a
0169 C0E0       904            push    acc
016B 74FC       905            mov     a,#0xFC
016D C0E0       906            push    acc
016F 747F       907            mov     a,#0x7F
0171 C0E0       908            push    acc
0173 7446       909            mov     a,#0x46
0175 C0E0       910            push    acc
0177 8A82       911            mov     dpl,r2
0179 8B83       912            mov     dph,r3
017B 8CF0       913            mov     b,r4
017D ED         914            mov     a,r5
017E 120000     915            lcall   ___fsdiv
0181 AA82       916            mov     r2,dpl
0183 AB83       917            mov     r3,dph
0185 ACF0       918            mov     r4,b
0187 FD         919            mov     r5,a
0188 E581       920            mov     a,sp
018A 24FC       921            add     a,#0xfc
018C F581       922            mov     sp,a
018E 8A82       923            mov     dpl,r2
0190 8B83       924            mov     dph,r3
0192 8CF0       925            mov     b,r4
0194 ED         926            mov     a,r5
0195 22         927            ret
0196            928   ;------------------------------------------------------------
0196            929   ;Allocation info for local variables in function 'main'
0196            930   ;------------------------------------------------------------
0196            931   ;v                         Allocated with name '_main_v_1_63'
0196            932   ;overflow_count            Allocated to registers r2 r3 r4 r5 
0196            933   ;period                    Allocated with name '_main_period_1_63'
0196            934   ;sloc0                     Allocated with name '_main_sloc0_1_0'
0196            935   ;------------------------------------------------------------
0196            936   ;        C:\Users\29778\OneDrive\Desktop\second_year\ELEC 291\lab5\elec_291_lab5\lab5_1.c:210: void main (void)
0196            937   ;        -----------------------------------------
0196            938   ;         function main
0196            939   ;        -----------------------------------------
0196            940   _main:
0196            941   ;        C:\Users\29778\OneDrive\Desktop\second_year\ELEC 291\lab5\elec_291_lab5\lab5_1.c:217: TIMER0_Init();
0196 120000     942            lcall   _TIMER0_Init
0199            943   ;        C:\Users\29778\OneDrive\Desktop\second_year\ELEC 291\lab5\elec_291_lab5\lab5_1.c:219: waitms(500); // Give PuTTy a chance to start before sending
0199 9001F4     944            mov     dptr,#0x01F4
019C 120000     945            lcall   _waitms
019F            946   ;        C:\Users\29778\OneDrive\Desktop\second_year\ELEC 291\lab5\elec_291_lab5\lab5_1.c:220: printf("\x1b[2J"); // Clear screen using ANSI escape sequence.
019F 7428       947            mov     a,#__str_0
01A1 C0E0       948            push    acc
01A3 74BA       949            mov     a,#(__str_0 >> 8)
01A5 C0E0       950            push    acc
01A7 7480       951            mov     a,#0x80
01A9 C0E0       952            push    acc
01AB 120000     953            lcall   _printf
01AE 1581       954            dec     sp
01B0 1581       955            dec     sp
01B2 1581       956            dec     sp
01B4            957   ;        C:\Users\29778\OneDrive\Desktop\second_year\ELEC 291\lab5\elec_291_lab5\lab5_1.c:225: __FILE__, __DATE__, __TIME__);
01B4            958   ;        C:\Users\29778\OneDrive\Desktop\second_year\ELEC 291\lab5\elec_291_lab5\lab5_1.c:224: "Compiled: %s, %s\n\n",
01B4 74A8       959            mov     a,#__str_4
01B6 C0E0       960            push    acc
01B8 74BA       961            mov     a,#(__str_4 >> 8)
01BA C0E0       962            push    acc
01BC 7480       963            mov     a,#0x80
01BE C0E0       964            push    acc
01C0 74E8       965            mov     a,#__str_3
01C2 C0E0       966            push    acc
01C4 74BA       967            mov     a,#(__str_3 >> 8)
01C6 C0E0       968            push    acc
01C8 7480       969            mov     a,#0x80
01CA C0E0       970            push    acc
01CC 7428       971            mov     a,#__str_2
01CE C0E0       972            push    acc
01D0 74BB       973            mov     a,#(__str_2 >> 8)
01D2 C0E0       974            push    acc
01D4 7480       975            mov     a,#0x80
01D6 C0E0       976            push    acc
01D8 7468       977            mov     a,#__str_1
01DA C0E0       978            push    acc
01DC 74BB       979            mov     a,#(__str_1 >> 8)
01DE C0E0       980            push    acc
01E0 7480       981            mov     a,#0x80
01E2 C0E0       982            push    acc
01E4 120000     983            lcall   _printf
01E7 E581       984            mov     a,sp
01E9 24F4       985            add     a,#0xf4
01EB F581       986            mov     sp,a
01ED            987   ;        C:\Users\29778\OneDrive\Desktop\second_year\ELEC 291\lab5\elec_291_lab5\lab5_1.c:227: InitPinADC(1, 4); // Configure P1.4 as analog input
01ED 756004     988            mov     _InitPinADC_PARM_2,#0x04
01F0 758201     989            mov     dpl,#0x01
01F3 120000     990            lcall   _InitPinADC
01F6            991   ;        C:\Users\29778\OneDrive\Desktop\second_year\ELEC 291\lab5\elec_291_lab5\lab5_1.c:228: InitPinADC(1, 5); // Configure P1.5 as analog input
01F6 756005     992            mov     _InitPinADC_PARM_2,#0x05
01F9 758201     993            mov     dpl,#0x01
01FC 120000     994            lcall   _InitPinADC
01FF            995   ;        C:\Users\29778\OneDrive\Desktop\second_year\ELEC 291\lab5\elec_291_lab5\lab5_1.c:231: InitADC();
01FF 120000     996            lcall   _InitADC
0202            997   ;        C:\Users\29778\OneDrive\Desktop\second_year\ELEC 291\lab5\elec_291_lab5\lab5_1.c:236: while(1)
0202            998   L011021?:
0202            999   ;        C:\Users\29778\OneDrive\Desktop\second_year\ELEC 291\lab5\elec_291_lab5\lab5_1.c:239: ADC0MX = QFP32_MUX_P1_4;
0202 75BB0A    1000            mov     _ADC0MX,#0x0A
0205           1001   ;        C:\Users\29778\OneDrive\Desktop\second_year\ELEC 291\lab5\elec_291_lab5\lab5_1.c:240: ADINT = 0;
0205 C2ED      1002            clr     _ADINT
0207           1003   ;        C:\Users\29778\OneDrive\Desktop\second_year\ELEC 291\lab5\elec_291_lab5\lab5_1.c:241: ADBUSY=1;
0207 D2EC      1004            setb    _ADBUSY
0209           1005   ;        C:\Users\29778\OneDrive\Desktop\second_year\ELEC 291\lab5\elec_291_lab5\lab5_1.c:242: while (!ADINT); // Wait for conversion to complete
0209           1006   L011001?:
0209 30EDE8    1007            jnb     _ADINT,L011001?
020C           1008   ;        C:\Users\29778\OneDrive\Desktop\second_year\ELEC 291\lab5\elec_291_lab5\lab5_1.c:245: TL0=0; 
020C 758A00    1009            mov     _TL0,#0x00
020F           1010   ;        C:\Users\29778\OneDrive\Desktop\second_year\ELEC 291\lab5\elec_291_lab5\lab5_1.c:246: TH0=0;
020F 758C00    1011            mov     _TH0,#0x00
0212           1012   ;        C:\Users\29778\OneDrive\Desktop\second_year\ELEC 291\lab5\elec_291_lab5\lab5_1.c:247: TF0=0;
0212 C28D      1013            clr     _TF0
0214           1014   ;        C:\Users\29778\OneDrive\Desktop\second_year\ELEC 291\lab5\elec_291_lab5\lab5_1.c:248: overflow_count=0;
0214 7A00      1015            mov     r2,#0x00
0216 7B00      1016            mov     r3,#0x00
0218 7C00      1017            mov     r4,#0x00
021A 7D00      1018            mov     r5,#0x00
021C           1019   ;        C:\Users\29778\OneDrive\Desktop\second_year\ELEC 291\lab5\elec_291_lab5\lab5_1.c:250: while(Get_ADC()!=0); // Wait for the signal to be zero
021C           1020   L011004?:
021C C002      1021            push    ar2
021E C003      1022            push    ar3
0220 C004      1023            push    ar4
0222 C005      1024            push    ar5
0224 120000    1025            lcall   _Get_ADC
0227 E582      1026            mov     a,dpl
0229 8583F0    1027            mov     b,dph
022C D005      1028            pop     ar5
022E D004      1029            pop     ar4
0230 D003      1030            pop     ar3
0232 D002      1031            pop     ar2
0234 45F0      1032            orl     a,b
0236 7000      1033            jnz     L011004?
0238           1034   ;        C:\Users\29778\OneDrive\Desktop\second_year\ELEC 291\lab5\elec_291_lab5\lab5_1.c:251: while(Get_ADC()==0); // Wait for the signal to be one
0238           1035   L011007?:
0238 C002      1036            push    ar2
023A C003      1037            push    ar3
023C C004      1038            push    ar4
023E C005      1039            push    ar5
0240 120000    1040            lcall   _Get_ADC
0243 E582      1041            mov     a,dpl
0245 8583F0    1042            mov     b,dph
0248 D005      1043            pop     ar5
024A D004      1044            pop     ar4
024C D003      1045            pop     ar3
024E D002      1046            pop     ar2
0250 45F0      1047            orl     a,b
0252 6000      1048            jz      L011007?
0254           1049   ;        C:\Users\29778\OneDrive\Desktop\second_year\ELEC 291\lab5\elec_291_lab5\lab5_1.c:252: TR0=1; // Start the timer
0254 D28C      1050            setb    _TR0
0256           1051   ;        C:\Users\29778\OneDrive\Desktop\second_year\ELEC 291\lab5\elec_291_lab5\lab5_1.c:253: while(Get_ADC()!=0) // Wait for the signal to be zero
0256           1052   L011012?:
0256 C002      1053            push    ar2
0258 C003      1054            push    ar3
025A C004      1055            push    ar4
025C C005      1056            push    ar5
025E 120000    1057            lcall   _Get_ADC
0261 E582      1058            mov     a,dpl
0263 8583F0    1059            mov     b,dph
0266 D005      1060            pop     ar5
0268 D004      1061            pop     ar4
026A D003      1062            pop     ar3
026C D002      1063            pop     ar2
026E 45F0      1064            orl     a,b
0270 6000      1065            jz      L011017?
0272           1066   ;        C:\Users\29778\OneDrive\Desktop\second_year\ELEC 291\lab5\elec_291_lab5\lab5_1.c:255: if(TF0==1) // Did the 16-bit timer overflow?
0272           1067   ;        C:\Users\29778\OneDrive\Desktop\second_year\ELEC 291\lab5\elec_291_lab5\lab5_1.c:257: TF0=0;
0272 108D28    1068            jbc     _TF0,L011041?
0275 8000      1069            sjmp    L011012?
0277           1070   L011041?:
0277           1071   ;        C:\Users\29778\OneDrive\Desktop\second_year\ELEC 291\lab5\elec_291_lab5\lab5_1.c:258: overflow_count++;
0277 E4        1072            clr     a
0278 C0E0      1073            push    acc
027A C0E0      1074            push    acc
027C 7480      1075            mov     a,#0x80
027E C0E0      1076            push    acc
0280 743F      1077            mov     a,#0x3F
0282 C0E0      1078            push    acc
0284 8A82      1079            mov     dpl,r2
0286 8B83      1080            mov     dph,r3
0288 8CF0      1081            mov     b,r4
028A ED        1082            mov     a,r5
028B 120000    1083            lcall   ___fsadd
028E AA82      1084            mov     r2,dpl
0290 AB83      1085            mov     r3,dph
0292 ACF0      1086            mov     r4,b
0294 FD        1087            mov     r5,a
0295 E581      1088            mov     a,sp
0297 24FC      1089            add     a,#0xfc
0299 F581      1090            mov     sp,a
029B           1091   ;        C:\Users\29778\OneDrive\Desktop\second_year\ELEC 291\lab5\elec_291_lab5\lab5_1.c:261: while(Get_ADC()==0) // Wait for the signal to be one
029B 8000      1092            sjmp    L011012?
029D           1093   L011017?:
029D C002      1094            push    ar2
029F C003      1095            push    ar3
02A1 C004      1096            push    ar4
02A3 C005      1097            push    ar5
02A5 120000    1098            lcall   _Get_ADC
02A8 E582      1099            mov     a,dpl
02AA 8583F0    1100            mov     b,dph
02AD D005      1101            pop     ar5
02AF D004      1102            pop     ar4
02B1 D003      1103            pop     ar3
02B3 D002      1104            pop     ar2
02B5 45F0      1105            orl     a,b
02B7 7000      1106            jnz     L011019?
02B9           1107   ;        C:\Users\29778\OneDrive\Desktop\second_year\ELEC 291\lab5\elec_291_lab5\lab5_1.c:263: if(TF0==1) // Did the 16-bit timer overflow?
02B9           1108   ;        C:\Users\29778\OneDrive\Desktop\second_year\ELEC 291\lab5\elec_291_lab5\lab5_1.c:265: TF0=0;
02B9 108DE8    1109            jbc     _TF0,L011043?
02BC 8000      1110            sjmp    L011017?
02BE           1111   L011043?:
02BE           1112   ;        C:\Users\29778\OneDrive\Desktop\second_year\ELEC 291\lab5\elec_291_lab5\lab5_1.c:266: overflow_count++;
02BE E4        1113            clr     a
02BF C0E0      1114            push    acc
02C1 C0E0      1115            push    acc
02C3 7480      1116            mov     a,#0x80
02C5 C0E0      1117            push    acc
02C7 743F      1118            mov     a,#0x3F
02C9 C0E0      1119            push    acc
02CB 8A82      1120            mov     dpl,r2
02CD 8B83      1121            mov     dph,r3
02CF 8CF0      1122            mov     b,r4
02D1 ED        1123            mov     a,r5
02D2 120000    1124            lcall   ___fsadd
02D5 AA82      1125            mov     r2,dpl
02D7 AB83      1126            mov     r3,dph
02D9 ACF0      1127            mov     r4,b
02DB FD        1128            mov     r5,a
02DC E581      1129            mov     a,sp
02DE 24FC      1130            add     a,#0xfc
02E0 F581      1131            mov     sp,a
02E2 8000      1132            sjmp    L011017?
02E4           1133   L011019?:
02E4           1134   ;        C:\Users\29778\OneDrive\Desktop\second_year\ELEC 291\lab5\elec_291_lab5\lab5_1.c:269: TR0=0; // Stop timer 0, the 24-bit number [overflow_count-TH0-TL0] has the period!
02E4 C28C      1135            clr     _TR0
02E6           1136   ;        C:\Users\29778\OneDrive\Desktop\second_year\ELEC 291\lab5\elec_291_lab5\lab5_1.c:270: period=(overflow_count*65536.0+TH0*256.0+TL0)*(12.0/SYSCLK);
02E6 C002      1137            push    ar2
02E8 C003      1138            push    ar3
02EA C004      1139            push    ar4
02EC C005      1140            push    ar5
02EE 900000    1141            mov     dptr,#0x0000
02F1 75F080    1142            mov     b,#0x80
02F4 7447      1143            mov     a,#0x47
02F6 120000    1144            lcall   ___fsmul
02F9 8582A8    1145            mov     _main_sloc0_1_0,dpl
02FC 8583A9    1146            mov     (_main_sloc0_1_0 + 1),dph
02FF 85F0AA    1147            mov     (_main_sloc0_1_0 + 2),b
0302 F5AB      1148            mov     (_main_sloc0_1_0 + 3),a
0304 E581      1149            mov     a,sp
0306 24FC      1150            add     a,#0xfc
0308 F581      1151            mov     sp,a
030A 858C82    1152            mov     dpl,_TH0
030D 120000    1153            lcall   ___uchar2fs
0310 AE82      1154            mov     r6,dpl
0312 AF83      1155            mov     r7,dph
0314 AAF0      1156            mov     r2,b
0316 FB        1157            mov     r3,a
0317 C006      1158            push    ar6
0319 C007      1159            push    ar7
031B C002      1160            push    ar2
031D C003      1161            push    ar3
031F 900000    1162            mov     dptr,#0x0000
0322 75F080    1163            mov     b,#0x80
0325 7443      1164            mov     a,#0x43
0327 120000    1165            lcall   ___fsmul
032A AA82      1166            mov     r2,dpl
032C AB83      1167            mov     r3,dph
032E ACF0      1168            mov     r4,b
0330 FD        1169            mov     r5,a
0331 E581      1170            mov     a,sp
0333 24FC      1171            add     a,#0xfc
0335 F581      1172            mov     sp,a
0337 C002      1173            push    ar2
0339 C003      1174            push    ar3
033B C004      1175            push    ar4
033D C005      1176            push    ar5
033F 85A882    1177            mov     dpl,_main_sloc0_1_0
0342 85A983    1178            mov     dph,(_main_sloc0_1_0 + 1)
0345 85AAF0    1179            mov     b,(_main_sloc0_1_0 + 2)
0348 E5AB      1180            mov     a,(_main_sloc0_1_0 + 3)
034A 120000    1181            lcall   ___fsadd
034D 8582A8    1182            mov     _main_sloc0_1_0,dpl
0350 8583A9    1183            mov     (_main_sloc0_1_0 + 1),dph
0353 85F0AA    1184            mov     (_main_sloc0_1_0 + 2),b
0356 F5AB      1185            mov     (_main_sloc0_1_0 + 3),a
0358 E581      1186            mov     a,sp
035A 24FC      1187            add     a,#0xfc
035C F581      1188            mov     sp,a
035E AE8A      1189            mov     r6,_TL0
0360 7F00      1190            mov     r7,#0x00
0362 8E82      1191            mov     dpl,r6
0364 8F83      1192            mov     dph,r7
0366 120000    1193            lcall   ___sint2fs
0369 AE82      1194            mov     r6,dpl
036B AF83      1195            mov     r7,dph
036D AAF0      1196            mov     r2,b
036F FB        1197            mov     r3,a
0370 C006      1198            push    ar6
0372 C007      1199            push    ar7
0374 C002      1200            push    ar2
0376 C003      1201            push    ar3
0378 85A882    1202            mov     dpl,_main_sloc0_1_0
037B 85A983    1203            mov     dph,(_main_sloc0_1_0 + 1)
037E 85AAF0    1204            mov     b,(_main_sloc0_1_0 + 2)
0381 E5AB      1205            mov     a,(_main_sloc0_1_0 + 3)
0383 120000    1206            lcall   ___fsadd
0386 AA82      1207            mov     r2,dpl
0388 AB83      1208            mov     r3,dph
038A ACF0      1209            mov     r4,b
038C FD        1210            mov     r5,a
038D E581      1211            mov     a,sp
038F 24FC      1212            add     a,#0xfc
0391 F581      1213            mov     sp,a
0393 C002      1214            push    ar2
0395 C003      1215            push    ar3
0397 C004      1216            push    ar4
0399 C005      1217            push    ar5
039B 90F4FC    1218            mov     dptr,#0xF4FC
039E 75F032    1219            mov     b,#0x32
03A1 7434      1220            mov     a,#0x34
03A3 120000    1221            lcall   ___fsmul
03A6 858268    1222            mov     _main_period_1_63,dpl
03A9 858369    1223            mov     (_main_period_1_63 + 1),dph
03AC 85F06A    1224            mov     (_main_period_1_63 + 2),b
03AF F56B      1225            mov     (_main_period_1_63 + 3),a
03B1 E581      1226            mov     a,sp
03B3 24FC      1227            add     a,#0xfc
03B5 F581      1228            mov     sp,a
03B7           1229   ;        C:\Users\29778\OneDrive\Desktop\second_year\ELEC 291\lab5\elec_291_lab5\lab5_1.c:273: v[0] = Volts_at_Pin(QFP32_MUX_P1_4);
03B7 75820A    1230            mov     dpl,#0x0A
03BA 120000    1231            lcall   _Volts_at_Pin
03BD AE82      1232            mov     r6,dpl
03BF AF83      1233            mov     r7,dph
03C1 AAF0      1234            mov     r2,b
03C3 FB        1235            mov     r3,a
03C4 8E18      1236            mov     _main_v_1_63,r6
03C6 8F19      1237            mov     (_main_v_1_63 + 1),r7
03C8 8A1A      1238            mov     (_main_v_1_63 + 2),r2
03CA 8B1B      1239            mov     (_main_v_1_63 + 3),r3
03CC           1240   ;        C:\Users\29778\OneDrive\Desktop\second_year\ELEC 291\lab5\elec_291_lab5\lab5_1.c:277: printf ("V@P1.4=%7.5f\r\n", v[0]);
03CC C006      1241            push    ar6
03CE C007      1242            push    ar7
03D0 C002      1243            push    ar2
03D2 C003      1244            push    ar3
03D4 74A8      1245            mov     a,#__str_5
03D6 C0E0      1246            push    acc
03D8 74BE      1247            mov     a,#(__str_5 >> 8)
03DA C0E0      1248            push    acc
03DC 7480      1249            mov     a,#0x80
03DE C0E0      1250            push    acc
03E0 120000    1251            lcall   _printf
03E3 E581      1252            mov     a,sp
03E5 24F9      1253            add     a,#0xf9
03E7 F581      1254            mov     sp,a
03E9           1255   ;        C:\Users\29778\OneDrive\Desktop\second_year\ELEC 291\lab5\elec_291_lab5\lab5_1.c:279: printf( "\rPeriod=%f ms    ", period*1000.0);
03E9 C068      1256            push    _main_period_1_63
03EB C069      1257            push    (_main_period_1_63 + 1)
03ED C06A      1258            push    (_main_period_1_63 + 2)
03EF C06B      1259            push    (_main_period_1_63 + 3)
03F1 900000    1260            mov     dptr,#0x0000
03F4 75F07A    1261            mov     b,#0x7A
03F7 7444      1262            mov     a,#0x44
03F9 120000    1263            lcall   ___fsmul
03FC AA82      1264            mov     r2,dpl
03FE AB83      1265            mov     r3,dph
0400 ACF0      1266            mov     r4,b
0402 FD        1267            mov     r5,a
0403 E581      1268            mov     a,sp
0405 24FC      1269            add     a,#0xfc
0407 F581      1270            mov     sp,a
0409 C002      1271            push    ar2
040B C003      1272            push    ar3
040D C004      1273            push    ar4
040F C005      1274            push    ar5
0411 74E8      1275            mov     a,#__str_6
0413 C0E0      1276            push    acc
0415 74BE      1277            mov     a,#(__str_6 >> 8)
0417 C0E0      1278            push    acc
0419 7480      1279            mov     a,#0x80
041B C0E0      1280            push    acc
041D 120000    1281            lcall   _printf
0420 E581      1282            mov     a,sp
0422 24F9      1283            add     a,#0xf9
0424 F581      1284            mov     sp,a
0426           1285   ;        C:\Users\29778\OneDrive\Desktop\second_year\ELEC 291\lab5\elec_291_lab5\lab5_1.c:280: waitms(500);
0426 9001F4    1286            mov     dptr,#0x01F4
0429 120000    1287            lcall   _waitms
042C 020000    1288            ljmp    L011021?
042F           1289            rseg R_CSEG
042F           1290   
0000           1291            rseg R_XINIT
0000           1292   
0000           1293            rseg R_CONST
0000           1294   __str_0:
0000 1B        1295            db 0x1B
0001 5B324A    1296            db '[2J'
0004 00        1297            db 0x00
0005           1298   __str_1:
0005 41444320  1299            db 'ADC test program'
     74657374
     2070726F
     6772616D
0015 0A        1300            db 0x0A
0016 46696C65  1301            db 'File: %s'
     3A202573
001E 0A        1302            db 0x0A
001F 436F6D70  1303            db 'Compiled: %s, %s'
     696C6564
     3A202573
     2C202573
002F 0A        1304            db 0x0A
0030 0A        1305            db 0x0A
0031 00        1306            db 0x00
0032           1307   __str_2:
0032 433A      1308            db 'C:'
0034 5C        1309            db 0x5C
0035 55736572  1310            db 'Users'
     73
003A 5C        1311            db 0x5C
003B 32393737  1312            db '29778'
     38
0040 5C        1313            db 0x5C
0041 4F6E6544  1314            db 'OneDrive'
     72697665
0049 5C        1315            db 0x5C
004A 4465736B  1316            db 'Desktop'
     746F70
0051 5C        1317            db 0x5C
0052 7365636F  1318            db 'second_year'
     6E645F79
     656172
005D 5C        1319            db 0x5C
005E 454C4543  1320            db 'ELEC 291'
     20323931
0066 5C        1321            db 0x5C
0067 6C616235  1322            db 'lab5'
006B 5C        1323            db 0x5C
006C 656C      1324            db 'el'
006E 65635F32  1325            db 'ec_291_lab5'
     39315F6C
     616235
0079 5C        1326            db 0x5C
007A 6C616235  1327            db 'lab5_1.c'
     5F312E63
0082 00        1328            db 0x00
0083           1329   __str_3:
0083 4D617220  1330            db 'Mar  6 2024'
     20362032
     303234
008E 00        1331            db 0x00
008F           1332   __str_4:
008F 31333A30  1333            db '13:09:28'
     393A3238
0097 00        1334            db 0x00
0098           1335   __str_5:
0098 56405031  1336            db 'V@P1.4=%7.5f'
     2E343D25
     372E3566
00A4 0D        1337            db 0x0D
00A5 0A        1338            db 0x0A
00A6 00        1339            db 0x00
00A7           1340   __str_6:
00A7 0D        1341            db 0x0D
00A8 50657269  1342            db 'Period=%f ms    '
     6F643D25
     66206D73
     20202020
00B8 00        1343            db 0x00
00B9           1344   
0003           1345            CSEG
0003           1346   
0003           1347   end
